test_num_1
Test (2D): snapshots basic ...
  ... Passed --   8.0  3  134   52194  251
Test (2D): install snapshots (disconnect) ...
  ... Passed --  82.1  3 1705  474653  381
Test (2D): install snapshots (disconnect+unreliable) ...
  ... Passed --  110.6  3 2671  661087  368
Test (2D): install snapshots (crash) ...
  ... Passed --  39.9  3  806  226803  366
Test (2D): install snapshots (unreliable+crash) ...
  ... Passed --  72.9  3 1484  374555  323
PASS
ok  	6.824/raft	313.628s
test_num_2
Test (2D): snapshots basic ...
  ... Passed --   8.0  3  136   52508  251
Test (2D): install snapshots (disconnect) ...
  ... Passed --  83.8  3 1727  483182  361
Test (2D): install snapshots (disconnect+unreliable) ...
--- FAIL: TestSnapshotInstallUnreliable2D (124.37s)
    config.go:290: test took longer than 120 seconds
Test (2D): install snapshots (crash) ...
  ... Passed --  39.0  3  787  223842  388
Test (2D): install snapshots (unreliable+crash) ...
  ... Passed --  67.1  3 1363  348076  365
FAIL
exit status 1
FAIL	6.824/raft	322.205s
test_num_3
Test (2D): snapshots basic ...
  ... Passed --   8.2  3  136   52796  251
Test (2D): install snapshots (disconnect) ...
  ... Passed --  88.1  3 1805  508081  400
Test (2D): install snapshots (disconnect+unreliable) ...
  ... Passed --  116.8  3 2727  677807  369
Test (2D): install snapshots (crash) ...
  ... Passed --  39.9  3  798  226775  377
Test (2D): install snapshots (unreliable+crash) ...
  ... Passed --  73.0  3 1483  380215  312
PASS
ok  	6.824/raft	325.904s
test_num_4
Test (2D): snapshots basic ...
  ... Passed --   8.1  3  136   52798  251
Test (2D): install snapshots (disconnect) ...
  ... Passed --  87.3  3 1780  501134  382
Test (2D): install snapshots (disconnect+unreliable) ...
  ... Passed --  113.3  3 2708  671898  384
Test (2D): install snapshots (crash) ...
  ... Passed --  40.0  3  803  228020  377
Test (2D): install snapshots (unreliable+crash) ...
  ... Passed --  91.7  3 1847  462369  372
PASS
ok  	6.824/raft	340.461s
test_num_5
Test (2D): snapshots basic ...
  ... Passed --   8.1  3  136   52796  251
Test (2D): install snapshots (disconnect) ...
  ... Passed --  88.0  3 1801  509196  388
Test (2D): install snapshots (disconnect+unreliable) ...
--- FAIL: TestSnapshotInstallUnreliable2D (132.81s)
    config.go:290: test took longer than 120 seconds
Test (2D): install snapshots (crash) ...
  ... Passed --  39.8  3  800  225840  355
Test (2D): install snapshots (unreliable+crash) ...
  ... Passed --  74.2  3 1473  384531  364
FAIL
exit status 1
FAIL	6.824/raft	342.927s
test_num_6
Test (2D): snapshots basic ...
  ... Passed --   8.1  3  136   52794  251
Test (2D): install snapshots (disconnect) ...
  ... Passed --  82.2  3 1715  477514  369
Test (2D): install snapshots (disconnect+unreliable) ...
panic: runtime error: index out of range [-9]

goroutine 6227 [running]:
6.824/raft.(*Raft).handleReply(0xc00014ec00, 0x0, 0x5d6da0?, 0x5ce040?)
	/home/gjq/6.824/raft/src/raft/appendEntries.go:114 +0x39f
6.824/raft.(*Raft).broadcastHeartBeat.func2(0x0)
	/home/gjq/6.824/raft/src/raft/appendEntries.go:84 +0xa5
created by 6.824/raft.(*Raft).broadcastHeartBeat
	/home/gjq/6.824/raft/src/raft/appendEntries.go:80 +0x32d
exit status 2
FAIL	6.824/raft	94.349s
test_num_7
Test (2D): snapshots basic ...
  ... Passed --   8.1  3  134   51926  251
Test (2D): install snapshots (disconnect) ...
  ... Passed --  83.0  3 1712  479249  366
Test (2D): install snapshots (disconnect+unreliable) ...
--- FAIL: TestSnapshotInstallUnreliable2D (124.55s)
    config.go:290: test took longer than 120 seconds
Test (2D): install snapshots (crash) ...
  ... Passed --  39.3  3  796  225389  366
Test (2D): install snapshots (unreliable+crash) ...
panic: runtime error: index out of range [-9]

goroutine 17674 [running]:
6.824/raft.(*Raft).handleReply(0xc000528240, 0x0, 0xc00029e7b0?, 0x5ce040?)
	/home/gjq/6.824/raft/src/raft/appendEntries.go:114 +0x39f
6.824/raft.(*Raft).broadcastHeartBeat.func2(0x0)
	/home/gjq/6.824/raft/src/raft/appendEntries.go:84 +0xa5
created by 6.824/raft.(*Raft).broadcastHeartBeat
	/home/gjq/6.824/raft/src/raft/appendEntries.go:80 +0x32d
exit status 2
FAIL	6.824/raft	258.296s
test_num_8
Test (2D): snapshots basic ...
  ... Passed --   8.2  3  136   52798  251
Test (2D): install snapshots (disconnect) ...
  ... Passed --  83.3  3 1707  478925  371
Test (2D): install snapshots (disconnect+unreliable) ...
--- FAIL: TestSnapshotInstallUnreliable2D (120.21s)
    config.go:290: test took longer than 120 seconds
Test (2D): install snapshots (crash) ...
  ... Passed --  39.1  3  795  223427  355
Test (2D): install snapshots (unreliable+crash) ...
  ... Passed --  80.5  3 1622  419108  390
FAIL
exit status 1
FAIL	6.824/raft	331.222s
test_num_9
Test (2D): snapshots basic ...
  ... Passed --   8.1  3  136   52798  251
Test (2D): install snapshots (disconnect) ...
  ... Passed --  84.4  3 1731  486085  391
Test (2D): install snapshots (disconnect+unreliable) ...
  ... Passed --  115.7  3 2722  676741  360
Test (2D): install snapshots (crash) ...
  ... Passed --  40.0  3  806  228674  388
Test (2D): install snapshots (unreliable+crash) ...
  ... Passed --  68.8  3 1405  363968  386
PASS
ok  	6.824/raft	316.997s
test_num_10
Test (2D): snapshots basic ...
  ... Passed --   8.1  3  136   52524  251
Test (2D): install snapshots (disconnect) ...
  ... Passed --  83.8  3 1718  482823  379
Test (2D): install snapshots (disconnect+unreliable) ...
  ... Passed --  97.9  3 2320  585057  357
Test (2D): install snapshots (crash) ...
  ... Passed --  40.2  3  812  229839  388
Test (2D): install snapshots (unreliable+crash) ...
  ... Passed --  67.3  3 1386  349296  362
PASS
ok  	6.824/raft	297.390s
test_num_11
Test (2D): snapshots basic ...
  ... Passed --   8.1  3  136   52796  251
Test (2D): install snapshots (disconnect) ...
  ... Passed --  75.9  3 1599  442591  359
Test (2D): install snapshots (disconnect+unreliable) ...
--- FAIL: TestSnapshotInstallUnreliable2D (127.78s)
    config.go:290: test took longer than 120 seconds
Test (2D): install snapshots (crash) ...
  ... Passed --  40.0  3  805  228079  377
Test (2D): install snapshots (unreliable+crash) ...
  ... Passed --  66.2  3 1360  349170  352
FAIL
exit status 1
FAIL	6.824/raft	318.036s
test_num_12
Test (2D): snapshots basic ...
  ... Passed --   8.1  3  136   52798  251
Test (2D): install snapshots (disconnect) ...
  ... Passed --  84.2  3 1742  488272  390
Test (2D): install snapshots (disconnect+unreliable) ...
--- FAIL: TestSnapshotInstallUnreliable2D (24.96s)
    config.go:545: one(7638562259368576081) failed to reach agreement
Test (2D): install snapshots (crash) ...
  ... Passed --  40.4  3  819  232375  410
Test (2D): install snapshots (unreliable+crash) ...
  ... Passed --  71.9  3 1470  375942  366
FAIL
exit status 1
FAIL	6.824/raft	229.619s
test_num_13
Test (2D): snapshots basic ...
signal: killed
FAIL	6.824/raft	23.576s
test_num_14
Test (2D): snapshots basic ...
